2022-02-15 20:31:19,169    api_JS_Py.py    --->  [INFO]   _log   line:81  : 
接口名称：测试接口 form-data(成功)
接口地址：http://127.0.0.1:8801/test
接口方式：POST
环境名称：测试环境
实际数据：
实际请求：{"url":{"protocol":"http","port":"8801","path":["test"],"host":["127","0","0","1"],"query":[],"variable":[]},"header":[{"disabled":true,"key":"Content-Type","value":"application/json,application/x-www-form-urlencoded,application/form-data"},{"key":"User-Agent","value":"apifox/1.0.0 (https://www.apifox.cn)"},{"key":"Accept","value":"*/*","system":true},{"key":"Host","value":"127.0.0.1:8801","system":true},{"key":"Accept-Encoding","value":"gzip, deflate, br","system":true},{"key":"Connection","value":"keep-alive","system":true},{"key":"Content-Type","value":"multipart/form-data; boundary=--------------------------944902893536204830071234","system":true},{"key":"Content-Length","value":269,"system":true}],"method":"POST","body":{"mode":"formdata","formdata":[{"key":"name","value":"万艳","type":"string"},{"key":"age","value":"93","type":"integer"}]},"type":"http"}
返回结果：{
  "code": 200, 
  "data": {
    "age": "93", 
    "name": "\u4e07\u8273"
  }, 
  "message": "success"
}


2022-02-15 20:31:19,193    api_JS_Py.py    --->  [INFO]   _log   line:81  : 测试接口 form-data(成功)：http://127.0.0.1:8801/test：
环境变量变化为：{"env": [], "glo": []}

2022-02-15 20:31:24,127    api_JS_Py.py    --->  [INFO]   _log   line:81  : 
接口名称：测试接口 form-urlencoded(成功)
接口地址：http://127.0.0.1:8801/test
接口方式：POST
环境名称：测试环境
实际数据：name=吕秀英&age=52
实际请求：{"url":{"protocol":"http","port":"8801","path":["test"],"host":["127","0","0","1"],"query":[],"variable":[]},"header":[{"key":"User-Agent","value":"apifox/1.0.0 (https://www.apifox.cn)"},{"key":"Accept","value":"*/*","system":true},{"key":"Host","value":"127.0.0.1:8801","system":true},{"key":"Accept-Encoding","value":"gzip, deflate, br","system":true},{"key":"Connection","value":"keep-alive","system":true},{"key":"Content-Type","value":"application/x-www-form-urlencoded","system":true},{"key":"Content-Length","value":39,"system":true}],"method":"POST","body":{"mode":"urlencoded","urlencoded":[{"key":"name","value":"吕秀英"},{"key":"age","value":"52"}]},"type":"http"}
返回结果：{
  "code": 200, 
  "data": false, 
  "message": "success"
}


2022-02-15 20:31:24,142    api_JS_Py.py    --->  [INFO]   _log   line:81  : 测试接口 form-urlencoded(成功)：http://127.0.0.1:8801/test：
环境变量变化为：{"env": [], "glo": []}

